<?xml version="1.0" encoding="utf-8"?><testsuites name="pytest tests"><testsuite name="pytest" errors="0" failures="0" skipped="0" tests="19" time="3.279" timestamp="2026-02-14T03:44:19.164291+00:00" hostname="agent-env-f325a0ff-1f3c-46d5-a47e-c24e3226ccf3"><testcase classname="tests.test_auth_system.TestAuthRegistrationFlow" name="test_register_endpoint_exists" time="0.145" /><testcase classname="tests.test_auth_system.TestAuthRegistrationFlow" name="test_register_requires_fields" time="0.126" /><testcase classname="tests.test_auth_system.TestAuthRegistrationFlow" name="test_register_duplicate_email_rejected" time="0.122" /><testcase classname="tests.test_auth_system.TestAuthLoginFlow" name="test_login_endpoint_exists" time="0.184" /><testcase classname="tests.test_auth_system.TestAuthLoginFlow" name="test_login_with_valid_credentials" time="0.123" /><testcase classname="tests.test_auth_system.TestAuthLoginFlow" name="test_login_with_wrong_password" time="0.169" /><testcase classname="tests.test_auth_system.TestAuthLoginFlow" name="test_login_with_nonexistent_email" time="0.109" /><testcase classname="tests.test_auth_system.TestAuthLoginFlow" name="test_login_returns_session_cookie" time="0.114" /><testcase classname="tests.test_auth_system.TestAuthMeEndpoint" name="test_me_requires_auth" time="0.115" /><testcase classname="tests.test_auth_system.TestAuthMeEndpoint" name="test_me_returns_user_data" time="0.183" /><testcase classname="tests.test_auth_system.TestPendingRegistrations" name="test_pending_registrations_requires_auth" time="0.124" /><testcase classname="tests.test_auth_system.TestPendingRegistrations" name="test_pending_registrations_list" time="0.203" /><testcase classname="tests.test_auth_system.TestForgotPassword" name="test_forgot_password_endpoint_exists" time="0.166" /><testcase classname="tests.test_auth_system.TestForgotPassword" name="test_forgot_password_returns_token_in_dev" time="0.287" /><testcase classname="tests.test_auth_system.TestLogout" name="test_logout_endpoint_exists" time="0.338" /><testcase classname="tests.test_auth_system.TestPendingUserCannotLogin" name="test_pending_user_login_rejected" time="0.109" /><testcase classname="tests.test_auth_system.TestApprovalFlow" name="test_approve_registration_endpoint_exists" time="0.230" /><testcase classname="tests.test_auth_system.TestApprovalFlow" name="test_reject_registration_endpoint_exists" time="0.181" /><testcase classname="tests.test_auth_system.TestMembersEndpoint" name="test_members_endpoint_works" time="0.194" /></testsuite></testsuites>