<?xml version="1.0" encoding="utf-8"?><testsuites name="pytest tests"><testsuite name="pytest" errors="0" failures="0" skipped="0" tests="13" time="7.623" timestamp="2026-02-13T22:27:14.883039+00:00" hostname="agent-env-82f02191-b208-408c-81a5-1874aabf9c8f"><testcase classname="backend.tests.test_admin_controls.TestAuthMe" name="test_admin_user_has_is_admin_true" time="0.338" /><testcase classname="backend.tests.test_admin_controls.TestAuthMe" name="test_regular_user_has_is_admin_false" time="0.125" /><testcase classname="backend.tests.test_admin_controls.TestVotingStats" name="test_admin_voting_stats" time="0.125" /><testcase classname="backend.tests.test_admin_controls.TestVotingStats" name="test_regular_user_voting_stats" time="0.145" /><testcase classname="backend.tests.test_admin_controls.TestMembers" name="test_get_members_returns_badges" time="0.110" /><testcase classname="backend.tests.test_admin_controls.TestMembers" name="test_update_member_permissions" time="1.195" /><testcase classname="backend.tests.test_admin_controls.TestAdminApprovalControls" name="test_reset_votes_as_admin" time="2.277" /><testcase classname="backend.tests.test_admin_controls.TestAdminApprovalControls" name="test_reset_votes_as_regular_user_forbidden" time="0.618" /><testcase classname="backend.tests.test_admin_controls.TestAdminApprovalControls" name="test_revoke_vote_as_admin" time="0.449" /><testcase classname="backend.tests.test_admin_controls.TestAdminApprovalControls" name="test_revoke_vote_as_regular_user_forbidden" time="1.169" /><testcase classname="backend.tests.test_admin_controls.TestAdminApprovalControls" name="test_delete_approval_as_admin" time="0.235" /><testcase classname="backend.tests.test_admin_controls.TestAdminApprovalControls" name="test_delete_approval_as_regular_user_forbidden" time="0.349" /><testcase classname="backend.tests.test_admin_controls.TestVotingSystem" name="test_user_with_can_vote_can_vote" time="0.370" /></testsuite></testsuites>