<?xml version="1.0" encoding="utf-8"?><testsuites name="pytest tests"><testsuite name="pytest" errors="0" failures="2" skipped="0" tests="8" time="2.171" timestamp="2026-02-14T03:09:17.038084+00:00" hostname="agent-env-82f02191-b208-408c-81a5-1874aabf9c8f"><testcase classname="backend.tests.test_reevaluation.TestCreatorResponseEndpoint" name="test_respond_returns_403_if_not_creator" time="0.131" /><testcase classname="backend.tests.test_reevaluation.TestCreatorResponseEndpoint" name="test_respond_success_as_creator" time="0.127"><failure message="AssertionError: Expected 200, got 400: {&quot;detail&quot;:&quot;Só é possível responder a conteúdos rejeitados&quot;}&#10;assert 400 == 200&#10; +  where 400 = &lt;Response [400]&gt;.status_code">backend/tests/test_reevaluation.py:64: in test_respond_success_as_creator
    assert response.status_code == 200, f"Expected 200, got {response.status_code}: {response.text}"
E   AssertionError: Expected 200, got 400: {"detail":"Só é possível responder a conteúdos rejeitados"}
E   assert 400 == 200
E    +  where 400 = &lt;Response [400]&gt;.status_code</failure></testcase><testcase classname="backend.tests.test_reevaluation.TestCreatorResponseEndpoint" name="test_respond_verifies_response_saved" time="0.147"><failure message="assert 400 == 200&#10; +  where 400 = &lt;Response [400]&gt;.status_code">backend/tests/test_reevaluation.py:77: in test_respond_verifies_response_saved
    assert response.status_code == 200
E   assert 400 == 200
E    +  where 400 = &lt;Response [400]&gt;.status_code</failure></testcase><testcase classname="backend.tests.test_reevaluation.TestReevaluationEndpoint" name="test_request_reevaluation_returns_403_if_not_creator" time="0.216" /><testcase classname="backend.tests.test_reevaluation.TestFullReevaluationFlow" name="test_full_reevaluation_flow" time="0.538" /><testcase classname="backend.tests.test_reevaluation.TestRespondValidation" name="test_respond_returns_400_if_not_rejected" time="0.297" /><testcase classname="backend.tests.test_reevaluation.TestRespondValidation" name="test_reevaluation_returns_400_if_not_rejected" time="0.291" /><testcase classname="backend.tests.test_reevaluation.TestRevisionHistory" name="test_revision_history_structure" time="0.345" /></testsuite></testsuites>