<?xml version="1.0" encoding="utf-8"?><testsuites name="pytest tests"><testsuite name="pytest" errors="0" failures="0" skipped="0" tests="8" time="3.053" timestamp="2026-02-14T02:41:45.377519+00:00" hostname="agent-env-82f02191-b208-408c-81a5-1874aabf9c8f"><testcase classname="backend.tests.test_rejection_reason.TestRejectionReasonAPI" name="test_vote_against_without_reason_returns_400" time="0.483" /><testcase classname="backend.tests.test_rejection_reason.TestRejectionReasonAPI" name="test_vote_against_with_reason_returns_200" time="0.230" /><testcase classname="backend.tests.test_rejection_reason.TestRejectionReasonAPI" name="test_vote_for_does_not_require_reason" time="0.384" /><testcase classname="backend.tests.test_rejection_reason.TestRejectionReasonAPI" name="test_vote_against_with_empty_reason_returns_400" time="0.256" /><testcase classname="backend.tests.test_rejection_reason.TestRejectionReasonAPI" name="test_vote_against_with_whitespace_reason_returns_400" time="0.310" /><testcase classname="backend.tests.test_rejection_reason.TestRejectionReasonDisplay" name="test_rejection_reasons_in_approvals_list" time="0.345" /><testcase classname="backend.tests.test_rejection_reason.TestRejectionReasonDisplay" name="test_rejection_reason_has_required_fields" time="0.256" /><testcase classname="backend.tests.test_rejection_reason.TestMultipleRejectionReasons" name="test_multiple_users_can_reject_same_approval" time="0.604" /></testsuite></testsuites>