<?xml version="1.0" encoding="utf-8"?><testsuites name="pytest tests"><testsuite name="pytest" errors="0" failures="0" skipped="0" tests="17" time="7.838" timestamp="2026-02-14T02:53:41.601659+00:00" hostname="agent-env-82f02191-b208-408c-81a5-1874aabf9c8f"><testcase classname="backend.tests.test_responsibilities.TestResponsibilitiesAPI" name="test_get_responsibilities_returns_200" time="0.321" /><testcase classname="backend.tests.test_responsibilities.TestResponsibilitiesAPI" name="test_get_responsibilities_returns_list_with_expected_fields" time="0.259" /><testcase classname="backend.tests.test_responsibilities.TestResponsibilitiesAPI" name="test_get_responsibilities_filter_by_category" time="0.255" /><testcase classname="backend.tests.test_responsibilities.TestResponsibilitiesAPI" name="test_get_responsibilities_active_only_filter" time="0.242" /><testcase classname="backend.tests.test_responsibilities.TestResponsibilitiesAPI" name="test_create_responsibility_returns_201_or_200" time="0.314" /><testcase classname="backend.tests.test_responsibilities.TestResponsibilitiesAPI" name="test_create_responsibility_requires_member_exists" time="0.216" /><testcase classname="backend.tests.test_responsibilities.TestResponsibilitiesAPI" name="test_create_responsibility_validates_required_fields" time="0.437" /><testcase classname="backend.tests.test_responsibilities.TestResponsibilitiesAPI" name="test_update_responsibility" time="0.658" /><testcase classname="backend.tests.test_responsibilities.TestResponsibilitiesAPI" name="test_update_nonexistent_responsibility_returns_404" time="0.239" /><testcase classname="backend.tests.test_responsibilities.TestResponsibilitiesAPI" name="test_toggle_responsibility_status" time="1.769" /><testcase classname="backend.tests.test_responsibilities.TestResponsibilitiesAPI" name="test_toggle_nonexistent_responsibility_returns_404" time="0.273" /><testcase classname="backend.tests.test_responsibilities.TestResponsibilitiesAPI" name="test_delete_responsibility" time="0.716" /><testcase classname="backend.tests.test_responsibilities.TestResponsibilitiesAPI" name="test_delete_nonexistent_responsibility_returns_404" time="0.227" /><testcase classname="backend.tests.test_responsibilities.TestResponsibilitiesAPI" name="test_get_single_responsibility" time="0.419" /><testcase classname="backend.tests.test_responsibilities.TestResponsibilitiesAPI" name="test_get_nonexistent_responsibility_returns_404" time="0.278" /><testcase classname="backend.tests.test_responsibilities.TestResponsibilitiesAPI" name="test_get_responsibilities_by_member" time="0.240" /><testcase classname="backend.tests.test_responsibilities.TestResponsibilitiesAPI" name="test_full_crud_flow" time="0.815" /></testsuite></testsuites>