<?xml version="1.0" encoding="utf-8"?><testsuites name="pytest tests"><testsuite name="pytest" errors="0" failures="0" skipped="0" tests="14" time="3.638" timestamp="2026-02-14T03:24:57.084957+00:00" hostname="agent-env-82f02191-b208-408c-81a5-1874aabf9c8f"><testcase classname="backend.tests.test_swap_schedules.TestSwapRequestAPIs" name="test_get_my_schedules" time="0.279" /><testcase classname="backend.tests.test_swap_schedules.TestSwapRequestAPIs" name="test_get_swap_requests_pending" time="0.217" /><testcase classname="backend.tests.test_swap_schedules.TestSwapRequestAPIs" name="test_create_swap_request_success" time="0.326" /><testcase classname="backend.tests.test_swap_schedules.TestSwapRequestAPIs" name="test_create_swap_request_with_target" time="0.223" /><testcase classname="backend.tests.test_swap_schedules.TestSwapRequestAPIs" name="test_create_swap_request_missing_reason" time="0.320" /><testcase classname="backend.tests.test_swap_schedules.TestSwapRequestAPIs" name="test_create_swap_request_invalid_schedule" time="0.200" /><testcase classname="backend.tests.test_swap_schedules.TestSwapRequestAPIs" name="test_get_my_swap_requests" time="0.188" /><testcase classname="backend.tests.test_swap_schedules.TestSwapRequestAPIs" name="test_cancel_swap_request" time="0.319" /><testcase classname="backend.tests.test_swap_schedules.TestSwapRequestAPIs" name="test_cancel_nonexistent_request" time="0.233" /><testcase classname="backend.tests.test_swap_schedules.TestSwapRequestAPIs" name="test_swap_request_enriched_data" time="0.321" /><testcase classname="backend.tests.test_swap_schedules.TestSwapResponseAPIs" name="test_respond_own_request_fails" time="0.216" /><testcase classname="backend.tests.test_swap_schedules.TestSwapResponseAPIs" name="test_respond_nonexistent_request" time="0.150" /><testcase classname="backend.tests.test_swap_schedules.TestScheduleAttendance" name="test_confirm_attendance" time="0.241" /><testcase classname="backend.tests.test_swap_schedules.TestScheduleAttendance" name="test_decline_attendance" time="0.240" /></testsuite></testsuites>